<?xml version="1.0" encoding="UTF-8"?>
<testng-results ignored="0" total="1" passed="1" failed="0" skipped="0">
  <reporter-output>
  </reporter-output>
  <suite started-at="2022-01-09T15:08:12 IST" name="Default suite" finished-at="2022-01-09T15:08:32 IST" duration-ms="20293">
    <groups>
    </groups>
    <test started-at="2022-01-09T15:08:12 IST" name="Default test" finished-at="2022-01-09T15:08:32 IST" duration-ms="20293">
      <class name="com.Testcase.LoginTestcase">
        <test-method is-config="true" signature="Launchapp()[pri:0, instance:com.Testcase.LoginTestcase@5d1e0fbb]" started-at="2022-01-09T15:08:12 IST" name="Launchapp" finished-at="2022-01-09T15:08:25 IST" duration-ms="12721" status="PASS">
          <reporter-output>
          </reporter-output>
        </test-method> <!-- Launchapp -->
        <test-method signature="loginfacebook1()[pri:0, instance:com.Testcase.LoginTestcase@5d1e0fbb]" started-at="2022-01-09T15:08:26 IST" name="loginfacebook1" finished-at="2022-01-09T15:08:32 IST" duration-ms="5951" status="PASS">
          <reporter-output>
          </reporter-output>
        </test-method> <!-- loginfacebook1 -->
        <test-method is-config="true" signature="closeapp()[pri:0, instance:com.Testcase.LoginTestcase@5d1e0fbb]" started-at="2022-01-09T15:08:32 IST" name="closeapp" finished-at="2022-01-09T15:08:32 IST" duration-ms="543" status="PASS">
          <reporter-output>
          </reporter-output>
        </test-method> <!-- closeapp -->
      </class> <!-- com.Testcase.LoginTestcase -->
    </test> <!-- Default test -->
  </suite> <!-- Default suite -->
</testng-results>
